{"/Users/vincent/Documents/Vincent/vue-circular-progress/src/index.vue": {"path":"/Users/vincent/Documents/Vincent/vue-circular-progress/src/index.vue","statementMap":{"0":{"start":{"line":51,"column":0},"end":{"line":null,"column":-1}},"1":{"start":{"line":57,"column":0},"end":{"line":null,"column":-1}},"2":{"start":{"line":66,"column":0},"end":{"line":null,"column":-1}},"3":{"start":{"line":69,"column":0},"end":{"line":null,"column":-1}},"4":{"start":{"line":78,"column":0},"end":{"line":null,"column":-1}},"5":{"start":{"line":81,"column":0},"end":{"line":null,"column":-1}},"6":{"start":{"line":86,"column":0},"end":{"line":88,"column":0}},"7":{"start":{"line":87,"column":0},"end":{"line":null,"column":-1}},"8":{"start":{"line":89,"column":0},"end":{"line":null,"column":-1}},"9":{"start":{"line":92,"column":0},"end":{"line":null,"column":-1}},"10":{"start":{"line":94,"column":0},"end":{"line":null,"column":-1}},"11":{"start":{"line":95,"column":0},"end":{"line":null,"column":-1}},"12":{"start":{"line":96,"column":0},"end":{"line":109,"column":0}},"13":{"start":{"line":97,"column":0},"end":{"line":null,"column":-1}},"14":{"start":{"line":98,"column":0},"end":{"line":102,"column":0}},"15":{"start":{"line":99,"column":0},"end":{"line":null,"column":-1}},"16":{"start":{"line":101,"column":0},"end":{"line":null,"column":-1}},"17":{"start":{"line":103,"column":0},"end":{"line":107,"column":0}},"18":{"start":{"line":105,"column":0},"end":{"line":null,"column":-1}},"19":{"start":{"line":106,"column":0},"end":{"line":null,"column":-1}},"20":{"start":{"line":108,"column":0},"end":{"line":null,"column":-1}},"21":{"start":{"line":112,"column":0},"end":{"line":114,"column":0}},"22":{"start":{"line":113,"column":0},"end":{"line":null,"column":-1}},"23":{"start":{"line":115,"column":0},"end":{"line":null,"column":-1}},"24":{"start":{"line":118,"column":0},"end":{"line":null,"column":-1}},"25":{"start":{"line":120,"column":0},"end":{"line":122,"column":0}},"26":{"start":{"line":121,"column":0},"end":{"line":null,"column":-1}},"27":{"start":{"line":123,"column":0},"end":{"line":null,"column":-1}},"28":{"start":{"line":126,"column":0},"end":{"line":null,"column":-1}},"29":{"start":{"line":127,"column":0},"end":{"line":null,"column":-1}},"30":{"start":{"line":128,"column":0},"end":{"line":null,"column":-1}},"31":{"start":{"line":131,"column":0},"end":{"line":133,"column":0}},"32":{"start":{"line":132,"column":0},"end":{"line":null,"column":-1}},"33":{"start":{"line":134,"column":0},"end":{"line":136,"column":0}},"34":{"start":{"line":135,"column":0},"end":{"line":null,"column":-1}},"35":{"start":{"line":137,"column":0},"end":{"line":139,"column":0}},"36":{"start":{"line":138,"column":0},"end":{"line":null,"column":-1}},"37":{"start":{"line":145,"column":0},"end":{"line":null,"column":-1}},"38":{"start":{"line":146,"column":0},"end":{"line":148,"column":0}},"39":{"start":{"line":147,"column":0},"end":{"line":null,"column":-1}},"40":{"start":{"line":149,"column":0},"end":{"line":null,"column":-1}},"41":{"start":{"line":150,"column":0},"end":{"line":null,"column":-1}},"42":{"start":{"line":156,"column":0},"end":{"line":null,"column":-1}}},"fnMap":{"0":{"name":"(anonymous_1)","decl":{"start":{"line":49,"column":0},"end":{"line":null,"column":-1}},"loc":{"start":{"line":49,"column":0},"end":{"line":52,"column":0}}},"1":{"name":"(anonymous_2)","decl":{"start":{"line":96,"column":0},"end":{"line":null,"column":-1}},"loc":{"start":{"line":96,"column":0},"end":{"line":109,"column":0}}},"2":{"name":"(anonymous_3)","decl":{"start":{"line":120,"column":0},"end":{"line":null,"column":-1}},"loc":{"start":{"line":120,"column":0},"end":{"line":122,"column":0}}},"3":{"name":"(anonymous_4)","decl":{"start":{"line":144,"column":0},"end":{"line":null,"column":-1}},"loc":{"start":{"line":144,"column":0},"end":{"line":151,"column":0}}}},"branchMap":{"0":{"loc":{"start":{"line":51,"column":0},"end":{"line":null,"column":-1}},"type":"binary-expr","locations":[{"start":{"line":51,"column":0},"end":{"line":null,"column":-1}},{"start":{"line":51,"column":0},"end":{"line":null,"column":-1}}]},"1":{"loc":{"start":{"line":86,"column":0},"end":{"line":88,"column":0}},"type":"if","locations":[{"start":{"line":86,"column":0},"end":{"line":88,"column":0}},{"start":{"line":86,"column":0},"end":{"line":88,"column":0}}]},"2":{"loc":{"start":{"line":98,"column":0},"end":{"line":102,"column":0}},"type":"if","locations":[{"start":{"line":98,"column":0},"end":{"line":102,"column":0}},{"start":{"line":98,"column":0},"end":{"line":102,"column":0}}]},"3":{"loc":{"start":{"line":103,"column":0},"end":{"line":107,"column":0}},"type":"if","locations":[{"start":{"line":103,"column":0},"end":{"line":107,"column":0}},{"start":{"line":103,"column":0},"end":{"line":107,"column":0}}]},"4":{"loc":{"start":{"line":112,"column":0},"end":{"line":114,"column":0}},"type":"if","locations":[{"start":{"line":112,"column":0},"end":{"line":114,"column":0}},{"start":{"line":112,"column":0},"end":{"line":114,"column":0}}]},"5":{"loc":{"start":{"line":131,"column":0},"end":{"line":133,"column":0}},"type":"if","locations":[{"start":{"line":131,"column":0},"end":{"line":133,"column":0}},{"start":{"line":131,"column":0},"end":{"line":133,"column":0}}]},"6":{"loc":{"start":{"line":134,"column":0},"end":{"line":136,"column":0}},"type":"if","locations":[{"start":{"line":134,"column":0},"end":{"line":136,"column":0}},{"start":{"line":134,"column":0},"end":{"line":136,"column":0}}]},"7":{"loc":{"start":{"line":137,"column":0},"end":{"line":139,"column":0}},"type":"if","locations":[{"start":{"line":137,"column":0},"end":{"line":139,"column":0}},{"start":{"line":137,"column":0},"end":{"line":139,"column":0}}]},"8":{"loc":{"start":{"line":146,"column":0},"end":{"line":148,"column":0}},"type":"if","locations":[{"start":{"line":146,"column":0},"end":{"line":148,"column":0}},{"start":{"line":146,"column":0},"end":{"line":148,"column":0}}]},"9":{"loc":{"start":{"line":146,"column":0},"end":{"line":null,"column":-1}},"type":"binary-expr","locations":[{"start":{"line":146,"column":0},"end":{"line":null,"column":-1}},{"start":{"line":146,"column":0},"end":{"line":null,"column":-1}}]}},"s":{"0":1,"1":1,"2":1,"3":1,"4":1,"5":1,"6":2,"7":0,"8":2,"9":2,"10":2,"11":2,"12":2,"13":0,"14":0,"15":0,"16":0,"17":0,"18":0,"19":0,"20":0,"21":2,"22":2,"23":0,"24":1,"25":1,"26":0,"27":1,"28":1,"29":1,"30":1,"31":1,"32":0,"33":1,"34":0,"35":1,"36":0,"37":1,"38":1,"39":0,"40":1,"41":1,"42":0},"f":{"0":1,"1":0,"2":0,"3":1},"b":{"0":[1,1],"1":[0,2],"2":[0,0],"3":[0,0],"4":[2,0],"5":[0,1],"6":[0,1],"7":[0,1],"8":[0,1],"9":[1,1]}}
}
