TN:
SF:/Users/vincent/Documents/Vincent/vue-circular-progress/src/index.vue
FN:49,(anonymous_1)
FN:94,(anonymous_2)
FN:118,(anonymous_3)
FN:142,(anonymous_4)
FNF:4
FNH:2
FNDA:1,(anonymous_1)
FNDA:0,(anonymous_2)
FNDA:0,(anonymous_3)
FNDA:1,(anonymous_4)
DA:51,1
DA:57,1
DA:66,1
DA:69,1
DA:78,1
DA:81,1
DA:86,2
DA:87,0
DA:89,2
DA:90,2
DA:92,2
DA:93,2
DA:94,2
DA:95,0
DA:96,0
DA:97,0
DA:99,0
DA:101,0
DA:103,0
DA:104,0
DA:106,0
DA:110,2
DA:111,2
DA:113,0
DA:116,1
DA:118,1
DA:119,0
DA:121,1
DA:124,1
DA:125,1
DA:126,1
DA:129,1
DA:130,0
DA:132,1
DA:133,0
DA:135,1
DA:136,0
DA:143,1
DA:144,1
DA:145,0
DA:147,1
DA:148,1
DA:154,0
LF:43
LH:27
BRDA:51,0,0,1
BRDA:51,0,1,1
BRDA:86,1,0,0
BRDA:86,1,1,2
BRDA:96,2,0,0
BRDA:96,2,1,0
BRDA:101,3,0,0
BRDA:101,3,1,0
BRDA:110,4,0,2
BRDA:110,4,1,0
BRDA:129,5,0,0
BRDA:129,5,1,1
BRDA:132,6,0,0
BRDA:132,6,1,1
BRDA:135,7,0,0
BRDA:135,7,1,1
BRDA:144,8,0,0
BRDA:144,8,1,1
BRDA:144,9,0,1
BRDA:144,9,1,1
BRF:20
BRH:10
end_of_record
