TN:
SF:/Users/vincent/Documents/Vincent/vue-circular-progress/src/index.vue
FN:49,(anonymous_1)
FN:96,(anonymous_2)
FN:120,(anonymous_3)
FN:144,(anonymous_4)
FNF:4
FNH:2
FNDA:1,(anonymous_1)
FNDA:0,(anonymous_2)
FNDA:0,(anonymous_3)
FNDA:1,(anonymous_4)
DA:51,1
DA:57,1
DA:66,1
DA:69,1
DA:78,1
DA:81,1
DA:86,2
DA:87,0
DA:89,2
DA:92,2
DA:94,2
DA:95,2
DA:96,2
DA:97,0
DA:98,0
DA:99,0
DA:101,0
DA:103,0
DA:105,0
DA:106,0
DA:108,0
DA:112,2
DA:113,2
DA:115,0
DA:118,1
DA:120,1
DA:121,0
DA:123,1
DA:126,1
DA:127,1
DA:128,1
DA:131,1
DA:132,0
DA:134,1
DA:135,0
DA:137,1
DA:138,0
DA:145,1
DA:146,1
DA:147,0
DA:149,1
DA:150,1
DA:156,0
LF:43
LH:27
BRDA:51,0,0,1
BRDA:51,0,1,1
BRDA:86,1,0,0
BRDA:86,1,1,2
BRDA:98,2,0,0
BRDA:98,2,1,0
BRDA:103,3,0,0
BRDA:103,3,1,0
BRDA:112,4,0,2
BRDA:112,4,1,0
BRDA:131,5,0,0
BRDA:131,5,1,1
BRDA:134,6,0,0
BRDA:134,6,1,1
BRDA:137,7,0,0
BRDA:137,7,1,1
BRDA:146,8,0,0
BRDA:146,8,1,1
BRDA:146,9,0,1
BRDA:146,9,1,1
BRF:20
BRH:10
end_of_record
